<?xml version="1.0" encoding="UTF-8"?>
<testsuite xmlns:xsi="http://www.w3.org/2001/XMLSchema-instance" xsi:noNamespaceSchemaLocation="https://maven.apache.org/surefire/maven-surefire-plugin/xsd/surefire-test-report-3.0.xsd" version="3.0" name="com.jason.auto.runner.RunUITests" time="21.025" tests="1" errors="0" skipped="0" failures="0">
  <properties>
    <property name="java.specification.version" value="17"/>
    <property name="webdriver.chrome.driver" value="/Users/jasoncarmona/.cache/selenium/chromedriver/mac64/100.0.4896.60/chromedriver"/>
    <property name="sun.jnu.encoding" value="UTF-8"/>
    <property name="java.class.path" value="/Users/jasoncarmona/Documents/Documents - TRC-ENG-1194-JHD4-MBP/SeleniumFramework/target/test-classes:/Users/jasoncarmona/Documents/Documents - TRC-ENG-1194-JHD4-MBP/SeleniumFramework/target/classes:/Users/jasoncarmona/.m2/repository/io/cucumber/cucumber-java/6.10.4/cucumber-java-6.10.4.jar:/Users/jasoncarmona/.m2/repository/org/apiguardian/apiguardian-api/1.1.1/apiguardian-api-1.1.1.jar:/Users/jasoncarmona/.m2/repository/org/slf4j/slf4j-simple/1.7.30/slf4j-simple-1.7.30.jar:/Users/jasoncarmona/.m2/repository/org/slf4j/slf4j-api/1.7.30/slf4j-api-1.7.30.jar:/Users/jasoncarmona/.m2/repository/org/projectlombok/lombok/1.18.20/lombok-1.18.20.jar:/Users/jasoncarmona/.m2/repository/io/github/bonigarcia/webdrivermanager/4.4.3/webdrivermanager-4.4.3.jar:/Users/jasoncarmona/.m2/repository/commons-io/commons-io/2.8.0/commons-io-2.8.0.jar:/Users/jasoncarmona/.m2/repository/com/google/code/gson/gson/2.8.6/gson-2.8.6.jar:/Users/jasoncarmona/.m2/repository/org/apache/commons/commons-lang3/3.12.0/commons-lang3-3.12.0.jar:/Users/jasoncarmona/.m2/repository/org/apache/httpcomponents/client5/httpclient5/5.0.3/httpclient5-5.0.3.jar:/Users/jasoncarmona/.m2/repository/org/apache/httpcomponents/core5/httpcore5/5.0.2/httpcore5-5.0.2.jar:/Users/jasoncarmona/.m2/repository/org/apache/httpcomponents/core5/httpcore5-h2/5.0.2/httpcore5-h2-5.0.2.jar:/Users/jasoncarmona/.m2/repository/commons-codec/commons-codec/1.13/commons-codec-1.13.jar:/Users/jasoncarmona/.m2/repository/org/rauschig/jarchivelib/1.1.0/jarchivelib-1.1.0.jar:/Users/jasoncarmona/.m2/repository/org/apache/commons/commons-compress/1.20/commons-compress-1.20.jar:/Users/jasoncarmona/.m2/repository/org/jsoup/jsoup/1.13.1/jsoup-1.13.1.jar:/Users/jasoncarmona/.m2/repository/io/cucumber/cucumber-junit/6.10.4/cucumber-junit-6.10.4.jar:/Users/jasoncarmona/.m2/repository/org/junit/jupiter/junit-jupiter-api/5.8.0-M1/junit-jupiter-api-5.8.0-M1.jar:/Users/jasoncarmona/.m2/repository/org/opentest4j/opentest4j/1.2.0/opentest4j-1.2.0.jar:/Users/jasoncarmona/.m2/repository/org/junit/platform/junit-platform-commons/1.8.0-M1/junit-platform-commons-1.8.0-M1.jar:/Users/jasoncarmona/.m2/repository/org/seleniumhq/selenium/selenium-java/4.0.0-beta-4/selenium-java-4.0.0-beta-4.jar:/Users/jasoncarmona/.m2/repository/org/seleniumhq/selenium/selenium-api/4.0.0-beta-4/selenium-api-4.0.0-beta-4.jar:/Users/jasoncarmona/.m2/repository/org/seleniumhq/selenium/selenium-chrome-driver/4.0.0-beta-4/selenium-chrome-driver-4.0.0-beta-4.jar:/Users/jasoncarmona/.m2/repository/com/google/auto/service/auto-service-annotations/1.0/auto-service-annotations-1.0.jar:/Users/jasoncarmona/.m2/repository/com/google/auto/service/auto-service/1.0/auto-service-1.0.jar:/Users/jasoncarmona/.m2/repository/com/google/auto/auto-common/1.0/auto-common-1.0.jar:/Users/jasoncarmona/.m2/repository/com/google/guava/guava/30.1.1-jre/guava-30.1.1-jre.jar:/Users/jasoncarmona/.m2/repository/com/google/guava/failureaccess/1.0.1/failureaccess-1.0.1.jar:/Users/jasoncarmona/.m2/repository/com/google/guava/listenablefuture/9999.0-empty-to-avoid-conflict-with-guava/listenablefuture-9999.0-empty-to-avoid-conflict-with-guava.jar:/Users/jasoncarmona/.m2/repository/com/google/code/findbugs/jsr305/3.0.2/jsr305-3.0.2.jar:/Users/jasoncarmona/.m2/repository/org/checkerframework/checker-qual/3.8.0/checker-qual-3.8.0.jar:/Users/jasoncarmona/.m2/repository/com/google/errorprone/error_prone_annotations/2.5.1/error_prone_annotations-2.5.1.jar:/Users/jasoncarmona/.m2/repository/com/google/j2objc/j2objc-annotations/1.3/j2objc-annotations-1.3.jar:/Users/jasoncarmona/.m2/repository/org/seleniumhq/selenium/selenium-chromium-driver/4.0.0-beta-4/selenium-chromium-driver-4.0.0-beta-4.jar:/Users/jasoncarmona/.m2/repository/org/seleniumhq/selenium/selenium-devtools/4.0.0-beta-4/selenium-devtools-4.0.0-beta-4.jar:/Users/jasoncarmona/.m2/repository/org/seleniumhq/selenium/selenium-http/4.0.0-beta-4/selenium-http-4.0.0-beta-4.jar:/Users/jasoncarmona/.m2/repository/org/seleniumhq/selenium/selenium-json/4.0.0-beta-4/selenium-json-4.0.0-beta-4.jar:/Users/jasoncarmona/.m2/repository/org/seleniumhq/selenium/selenium-devtools-v85/4.0.0-beta-4/selenium-devtools-v85-4.0.0-beta-4.jar:/Users/jasoncarmona/.m2/repository/org/seleniumhq/selenium/selenium-devtools-v88/4.0.0-beta-4/selenium-devtools-v88-4.0.0-beta-4.jar:/Users/jasoncarmona/.m2/repository/org/seleniumhq/selenium/selenium-devtools-v89/4.0.0-beta-4/selenium-devtools-v89-4.0.0-beta-4.jar:/Users/jasoncarmona/.m2/repository/org/seleniumhq/selenium/selenium-devtools-v90/4.0.0-beta-4/selenium-devtools-v90-4.0.0-beta-4.jar:/Users/jasoncarmona/.m2/repository/org/seleniumhq/selenium/selenium-devtools-v91/4.0.0-beta-4/selenium-devtools-v91-4.0.0-beta-4.jar:/Users/jasoncarmona/.m2/repository/org/seleniumhq/selenium/selenium-edge-driver/4.0.0-beta-4/selenium-edge-driver-4.0.0-beta-4.jar:/Users/jasoncarmona/.m2/repository/org/seleniumhq/selenium/selenium-firefox-driver/4.0.0-beta-4/selenium-firefox-driver-4.0.0-beta-4.jar:/Users/jasoncarmona/.m2/repository/org/seleniumhq/selenium/selenium-firefox-xpi-driver/4.0.0-beta-4/selenium-firefox-xpi-driver-4.0.0-beta-4.jar:/Users/jasoncarmona/.m2/repository/org/seleniumhq/selenium/selenium-ie-driver/4.0.0-beta-4/selenium-ie-driver-4.0.0-beta-4.jar:/Users/jasoncarmona/.m2/repository/org/seleniumhq/selenium/selenium-opera-driver/4.0.0-beta-4/selenium-opera-driver-4.0.0-beta-4.jar:/Users/jasoncarmona/.m2/repository/org/seleniumhq/selenium/selenium-remote-driver/4.0.0-beta-4/selenium-remote-driver-4.0.0-beta-4.jar:/Users/jasoncarmona/.m2/repository/com/beust/jcommander/1.81/jcommander-1.81.jar:/Users/jasoncarmona/.m2/repository/io/netty/netty-buffer/4.1.63.Final/netty-buffer-4.1.63.Final.jar:/Users/jasoncarmona/.m2/repository/io/netty/netty-codec-http/4.1.63.Final/netty-codec-http-4.1.63.Final.jar:/Users/jasoncarmona/.m2/repository/io/netty/netty-codec/4.1.63.Final/netty-codec-4.1.63.Final.jar:/Users/jasoncarmona/.m2/repository/io/netty/netty-handler/4.1.63.Final/netty-handler-4.1.63.Final.jar:/Users/jasoncarmona/.m2/repository/io/netty/netty-common/4.1.63.Final/netty-common-4.1.63.Final.jar:/Users/jasoncarmona/.m2/repository/io/netty/netty-transport-native-epoll/4.1.63.Final/netty-transport-native-epoll-4.1.63.Final.jar:/Users/jasoncarmona/.m2/repository/io/netty/netty-transport-native-kqueue/4.1.63.Final/netty-transport-native-kqueue-4.1.63.Final.jar:/Users/jasoncarmona/.m2/repository/io/netty/netty-transport-native-unix-common/4.1.63.Final/netty-transport-native-unix-common-4.1.63.Final.jar:/Users/jasoncarmona/.m2/repository/io/netty/netty-transport/4.1.63.Final/netty-transport-4.1.63.Final.jar:/Users/jasoncarmona/.m2/repository/io/netty/netty-resolver/4.1.63.Final/netty-resolver-4.1.63.Final.jar:/Users/jasoncarmona/.m2/repository/io/opentelemetry/opentelemetry-api/1.2.0/opentelemetry-api-1.2.0.jar:/Users/jasoncarmona/.m2/repository/io/opentelemetry/opentelemetry-context/1.2.0/opentelemetry-context-1.2.0.jar:/Users/jasoncarmona/.m2/repository/io/opentelemetry/opentelemetry-exporter-logging/1.2.0/opentelemetry-exporter-logging-1.2.0.jar:/Users/jasoncarmona/.m2/repository/io/opentelemetry/opentelemetry-sdk-metrics/1.2.0-alpha/opentelemetry-sdk-metrics-1.2.0-alpha.jar:/Users/jasoncarmona/.m2/repository/io/opentelemetry/opentelemetry-sdk-common/1.2.0/opentelemetry-sdk-common-1.2.0.jar:/Users/jasoncarmona/.m2/repository/io/opentelemetry/opentelemetry-sdk-extension-autoconfigure/1.2.0-alpha/opentelemetry-sdk-extension-autoconfigure-1.2.0-alpha.jar:/Users/jasoncarmona/.m2/repository/io/opentelemetry/opentelemetry-sdk-trace/1.2.0/opentelemetry-sdk-trace-1.2.0.jar:/Users/jasoncarmona/.m2/repository/io/opentelemetry/opentelemetry-api-metrics/1.2.0-alpha/opentelemetry-api-metrics-1.2.0-alpha.jar:/Users/jasoncarmona/.m2/repository/io/opentelemetry/opentelemetry-sdk/1.2.0/opentelemetry-sdk-1.2.0.jar:/Users/jasoncarmona/.m2/repository/io/opentelemetry/opentelemetry-semconv/1.2.0-alpha/opentelemetry-semconv-1.2.0-alpha.jar:/Users/jasoncarmona/.m2/repository/io/ous/jtoml/2.0.0/jtoml-2.0.0.jar:/Users/jasoncarmona/.m2/repository/net/bytebuddy/byte-buddy/1.11.0/byte-buddy-1.11.0.jar:/Users/jasoncarmona/.m2/repository/org/apache/commons/commons-exec/1.3/commons-exec-1.3.jar:/Users/jasoncarmona/.m2/repository/org/asynchttpclient/async-http-client/2.12.3/async-http-client-2.12.3.jar:/Users/jasoncarmona/.m2/repository/org/asynchttpclient/async-http-client-netty-utils/2.12.3/async-http-client-netty-utils-2.12.3.jar:/Users/jasoncarmona/.m2/repository/io/netty/netty-codec-socks/4.1.60.Final/netty-codec-socks-4.1.60.Final.jar:/Users/jasoncarmona/.m2/repository/io/netty/netty-handler-proxy/4.1.60.Final/netty-handler-proxy-4.1.60.Final.jar:/Users/jasoncarmona/.m2/repository/io/netty/netty-transport-native-epoll/4.1.60.Final/netty-transport-native-epoll-4.1.60.Final-linux-x86_64.jar:/Users/jasoncarmona/.m2/repository/io/netty/netty-transport-native-kqueue/4.1.60.Final/netty-transport-native-kqueue-4.1.60.Final-osx-x86_64.jar:/Users/jasoncarmona/.m2/repository/org/reactivestreams/reactive-streams/1.0.3/reactive-streams-1.0.3.jar:/Users/jasoncarmona/.m2/repository/com/typesafe/netty/netty-reactive-streams/2.0.4/netty-reactive-streams-2.0.4.jar:/Users/jasoncarmona/.m2/repository/com/sun/activation/jakarta.activation/1.2.2/jakarta.activation-1.2.2.jar:/Users/jasoncarmona/.m2/repository/org/seleniumhq/selenium/selenium-safari-driver/4.0.0-beta-4/selenium-safari-driver-4.0.0-beta-4.jar:/Users/jasoncarmona/.m2/repository/org/seleniumhq/selenium/selenium-support/4.0.0-beta-4/selenium-support-4.0.0-beta-4.jar:/Users/jasoncarmona/.m2/repository/io/cucumber/cucumber-core/6.10.4/cucumber-core-6.10.4.jar:/Users/jasoncarmona/.m2/repository/io/cucumber/cucumber-gherkin/6.10.4/cucumber-gherkin-6.10.4.jar:/Users/jasoncarmona/.m2/repository/io/cucumber/cucumber-gherkin-messages/6.10.4/cucumber-gherkin-messages-6.10.4.jar:/Users/jasoncarmona/.m2/repository/io/cucumber/messages/15.0.0/messages-15.0.0.jar:/Users/jasoncarmona/.m2/repository/io/cucumber/tag-expressions/3.0.1/tag-expressions-3.0.1.jar:/Users/jasoncarmona/.m2/repository/io/cucumber/cucumber-expressions/10.3.0/cucumber-expressions-10.3.0.jar:/Users/jasoncarmona/.m2/repository/io/cucumber/datatable/3.5.0/datatable-3.5.0.jar:/Users/jasoncarmona/.m2/repository/io/cucumber/cucumber-plugin/6.10.4/cucumber-plugin-6.10.4.jar:/Users/jasoncarmona/.m2/repository/io/cucumber/docstring/6.10.4/docstring-6.10.4.jar:/Users/jasoncarmona/.m2/repository/io/cucumber/html-formatter/13.0.0/html-formatter-13.0.0.jar:/Users/jasoncarmona/.m2/repository/io/cucumber/create-meta/4.0.0/create-meta-4.0.0.jar:/Users/jasoncarmona/.m2/repository/org/springframework/spring-context/5.3.8/spring-context-5.3.8.jar:/Users/jasoncarmona/.m2/repository/org/springframework/spring-aop/5.3.8/spring-aop-5.3.8.jar:/Users/jasoncarmona/.m2/repository/org/springframework/spring-beans/5.3.8/spring-beans-5.3.8.jar:/Users/jasoncarmona/.m2/repository/org/springframework/spring-core/5.3.8/spring-core-5.3.8.jar:/Users/jasoncarmona/.m2/repository/org/springframework/spring-jcl/5.3.8/spring-jcl-5.3.8.jar:/Users/jasoncarmona/.m2/repository/org/springframework/spring-expression/5.3.8/spring-expression-5.3.8.jar:/Users/jasoncarmona/.m2/repository/junit/junit/4.13.2/junit-4.13.2.jar:/Users/jasoncarmona/.m2/repository/org/hamcrest/hamcrest-core/1.3/hamcrest-core-1.3.jar:/Users/jasoncarmona/.m2/repository/io/rest-assured/rest-assured/4.4.0/rest-assured-4.4.0.jar:/Users/jasoncarmona/.m2/repository/org/codehaus/groovy/groovy/3.0.8/groovy-3.0.8.jar:/Users/jasoncarmona/.m2/repository/org/codehaus/groovy/groovy-xml/3.0.8/groovy-xml-3.0.8.jar:/Users/jasoncarmona/.m2/repository/org/apache/httpcomponents/httpclient/4.5.13/httpclient-4.5.13.jar:/Users/jasoncarmona/.m2/repository/org/apache/httpcomponents/httpcore/4.4.13/httpcore-4.4.13.jar:/Users/jasoncarmona/.m2/repository/commons-logging/commons-logging/1.2/commons-logging-1.2.jar:/Users/jasoncarmona/.m2/repository/org/apache/httpcomponents/httpmime/4.5.13/httpmime-4.5.13.jar:/Users/jasoncarmona/.m2/repository/org/hamcrest/hamcrest/2.1/hamcrest-2.1.jar:/Users/jasoncarmona/.m2/repository/org/ccil/cowan/tagsoup/tagsoup/1.2.1/tagsoup-1.2.1.jar:/Users/jasoncarmona/.m2/repository/io/rest-assured/json-path/4.4.0/json-path-4.4.0.jar:/Users/jasoncarmona/.m2/repository/org/codehaus/groovy/groovy-json/3.0.8/groovy-json-3.0.8.jar:/Users/jasoncarmona/.m2/repository/io/rest-assured/rest-assured-common/4.4.0/rest-assured-common-4.4.0.jar:/Users/jasoncarmona/.m2/repository/io/rest-assured/xml-path/4.4.0/xml-path-4.4.0.jar:/Users/jasoncarmona/.m2/repository/jakarta/xml/bind/jakarta.xml.bind-api/2.3.3/jakarta.xml.bind-api-2.3.3.jar:/Users/jasoncarmona/.m2/repository/jakarta/activation/jakarta.activation-api/1.2.2/jakarta.activation-api-1.2.2.jar:/Users/jasoncarmona/.m2/repository/com/sun/xml/bind/jaxb-impl/2.3.3/jaxb-impl-2.3.3.jar:"/>
    <property name="java.vm.vendor" value="Homebrew"/>
    <property name="sun.arch.data.model" value="64"/>
    <property name="java.vendor.url" value="https://github.com/Homebrew/homebrew-core/issues"/>
    <property name="user.timezone" value="Asia/Manila"/>
    <property name="os.name" value="Mac OS X"/>
    <property name="java.vm.specification.version" value="17"/>
    <property name="sun.java.launcher" value="SUN_STANDARD"/>
    <property name="user.country" value="PH"/>
    <property name="sun.boot.library.path" value="/opt/homebrew/Cellar/openjdk/17.0.2/libexec/openjdk.jdk/Contents/Home/lib"/>
    <property name="sun.java.command" value="/Users/jasoncarmona/Documents/Documents - TRC-ENG-1194-JHD4-MBP/SeleniumFramework/target/surefire/surefirebooter18398237445014256986.jar /Users/jasoncarmona/Documents/Documents - TRC-ENG-1194-JHD4-MBP/SeleniumFramework/target/surefire 2022-04-09T13-18-12_747-jvmRun1 surefire18422126821009633709tmp surefire_016028907250605122459tmp"/>
    <property name="http.nonProxyHosts" value="local|*.local|169.254/16|*.169.254/16"/>
    <property name="jdk.debug" value="release"/>
    <property name="test" value="RunUITests"/>
    <property name="surefire.test.class.path" value="/Users/jasoncarmona/Documents/Documents - TRC-ENG-1194-JHD4-MBP/SeleniumFramework/target/test-classes:/Users/jasoncarmona/Documents/Documents - TRC-ENG-1194-JHD4-MBP/SeleniumFramework/target/classes:/Users/jasoncarmona/.m2/repository/io/cucumber/cucumber-java/6.10.4/cucumber-java-6.10.4.jar:/Users/jasoncarmona/.m2/repository/org/apiguardian/apiguardian-api/1.1.1/apiguardian-api-1.1.1.jar:/Users/jasoncarmona/.m2/repository/org/slf4j/slf4j-simple/1.7.30/slf4j-simple-1.7.30.jar:/Users/jasoncarmona/.m2/repository/org/slf4j/slf4j-api/1.7.30/slf4j-api-1.7.30.jar:/Users/jasoncarmona/.m2/repository/org/projectlombok/lombok/1.18.20/lombok-1.18.20.jar:/Users/jasoncarmona/.m2/repository/io/github/bonigarcia/webdrivermanager/4.4.3/webdrivermanager-4.4.3.jar:/Users/jasoncarmona/.m2/repository/commons-io/commons-io/2.8.0/commons-io-2.8.0.jar:/Users/jasoncarmona/.m2/repository/com/google/code/gson/gson/2.8.6/gson-2.8.6.jar:/Users/jasoncarmona/.m2/repository/org/apache/commons/commons-lang3/3.12.0/commons-lang3-3.12.0.jar:/Users/jasoncarmona/.m2/repository/org/apache/httpcomponents/client5/httpclient5/5.0.3/httpclient5-5.0.3.jar:/Users/jasoncarmona/.m2/repository/org/apache/httpcomponents/core5/httpcore5/5.0.2/httpcore5-5.0.2.jar:/Users/jasoncarmona/.m2/repository/org/apache/httpcomponents/core5/httpcore5-h2/5.0.2/httpcore5-h2-5.0.2.jar:/Users/jasoncarmona/.m2/repository/commons-codec/commons-codec/1.13/commons-codec-1.13.jar:/Users/jasoncarmona/.m2/repository/org/rauschig/jarchivelib/1.1.0/jarchivelib-1.1.0.jar:/Users/jasoncarmona/.m2/repository/org/apache/commons/commons-compress/1.20/commons-compress-1.20.jar:/Users/jasoncarmona/.m2/repository/org/jsoup/jsoup/1.13.1/jsoup-1.13.1.jar:/Users/jasoncarmona/.m2/repository/io/cucumber/cucumber-junit/6.10.4/cucumber-junit-6.10.4.jar:/Users/jasoncarmona/.m2/repository/org/junit/jupiter/junit-jupiter-api/5.8.0-M1/junit-jupiter-api-5.8.0-M1.jar:/Users/jasoncarmona/.m2/repository/org/opentest4j/opentest4j/1.2.0/opentest4j-1.2.0.jar:/Users/jasoncarmona/.m2/repository/org/junit/platform/junit-platform-commons/1.8.0-M1/junit-platform-commons-1.8.0-M1.jar:/Users/jasoncarmona/.m2/repository/org/seleniumhq/selenium/selenium-java/4.0.0-beta-4/selenium-java-4.0.0-beta-4.jar:/Users/jasoncarmona/.m2/repository/org/seleniumhq/selenium/selenium-api/4.0.0-beta-4/selenium-api-4.0.0-beta-4.jar:/Users/jasoncarmona/.m2/repository/org/seleniumhq/selenium/selenium-chrome-driver/4.0.0-beta-4/selenium-chrome-driver-4.0.0-beta-4.jar:/Users/jasoncarmona/.m2/repository/com/google/auto/service/auto-service-annotations/1.0/auto-service-annotations-1.0.jar:/Users/jasoncarmona/.m2/repository/com/google/auto/service/auto-service/1.0/auto-service-1.0.jar:/Users/jasoncarmona/.m2/repository/com/google/auto/auto-common/1.0/auto-common-1.0.jar:/Users/jasoncarmona/.m2/repository/com/google/guava/guava/30.1.1-jre/guava-30.1.1-jre.jar:/Users/jasoncarmona/.m2/repository/com/google/guava/failureaccess/1.0.1/failureaccess-1.0.1.jar:/Users/jasoncarmona/.m2/repository/com/google/guava/listenablefuture/9999.0-empty-to-avoid-conflict-with-guava/listenablefuture-9999.0-empty-to-avoid-conflict-with-guava.jar:/Users/jasoncarmona/.m2/repository/com/google/code/findbugs/jsr305/3.0.2/jsr305-3.0.2.jar:/Users/jasoncarmona/.m2/repository/org/checkerframework/checker-qual/3.8.0/checker-qual-3.8.0.jar:/Users/jasoncarmona/.m2/repository/com/google/errorprone/error_prone_annotations/2.5.1/error_prone_annotations-2.5.1.jar:/Users/jasoncarmona/.m2/repository/com/google/j2objc/j2objc-annotations/1.3/j2objc-annotations-1.3.jar:/Users/jasoncarmona/.m2/repository/org/seleniumhq/selenium/selenium-chromium-driver/4.0.0-beta-4/selenium-chromium-driver-4.0.0-beta-4.jar:/Users/jasoncarmona/.m2/repository/org/seleniumhq/selenium/selenium-devtools/4.0.0-beta-4/selenium-devtools-4.0.0-beta-4.jar:/Users/jasoncarmona/.m2/repository/org/seleniumhq/selenium/selenium-http/4.0.0-beta-4/selenium-http-4.0.0-beta-4.jar:/Users/jasoncarmona/.m2/repository/org/seleniumhq/selenium/selenium-json/4.0.0-beta-4/selenium-json-4.0.0-beta-4.jar:/Users/jasoncarmona/.m2/repository/org/seleniumhq/selenium/selenium-devtools-v85/4.0.0-beta-4/selenium-devtools-v85-4.0.0-beta-4.jar:/Users/jasoncarmona/.m2/repository/org/seleniumhq/selenium/selenium-devtools-v88/4.0.0-beta-4/selenium-devtools-v88-4.0.0-beta-4.jar:/Users/jasoncarmona/.m2/repository/org/seleniumhq/selenium/selenium-devtools-v89/4.0.0-beta-4/selenium-devtools-v89-4.0.0-beta-4.jar:/Users/jasoncarmona/.m2/repository/org/seleniumhq/selenium/selenium-devtools-v90/4.0.0-beta-4/selenium-devtools-v90-4.0.0-beta-4.jar:/Users/jasoncarmona/.m2/repository/org/seleniumhq/selenium/selenium-devtools-v91/4.0.0-beta-4/selenium-devtools-v91-4.0.0-beta-4.jar:/Users/jasoncarmona/.m2/repository/org/seleniumhq/selenium/selenium-edge-driver/4.0.0-beta-4/selenium-edge-driver-4.0.0-beta-4.jar:/Users/jasoncarmona/.m2/repository/org/seleniumhq/selenium/selenium-firefox-driver/4.0.0-beta-4/selenium-firefox-driver-4.0.0-beta-4.jar:/Users/jasoncarmona/.m2/repository/org/seleniumhq/selenium/selenium-firefox-xpi-driver/4.0.0-beta-4/selenium-firefox-xpi-driver-4.0.0-beta-4.jar:/Users/jasoncarmona/.m2/repository/org/seleniumhq/selenium/selenium-ie-driver/4.0.0-beta-4/selenium-ie-driver-4.0.0-beta-4.jar:/Users/jasoncarmona/.m2/repository/org/seleniumhq/selenium/selenium-opera-driver/4.0.0-beta-4/selenium-opera-driver-4.0.0-beta-4.jar:/Users/jasoncarmona/.m2/repository/org/seleniumhq/selenium/selenium-remote-driver/4.0.0-beta-4/selenium-remote-driver-4.0.0-beta-4.jar:/Users/jasoncarmona/.m2/repository/com/beust/jcommander/1.81/jcommander-1.81.jar:/Users/jasoncarmona/.m2/repository/io/netty/netty-buffer/4.1.63.Final/netty-buffer-4.1.63.Final.jar:/Users/jasoncarmona/.m2/repository/io/netty/netty-codec-http/4.1.63.Final/netty-codec-http-4.1.63.Final.jar:/Users/jasoncarmona/.m2/repository/io/netty/netty-codec/4.1.63.Final/netty-codec-4.1.63.Final.jar:/Users/jasoncarmona/.m2/repository/io/netty/netty-handler/4.1.63.Final/netty-handler-4.1.63.Final.jar:/Users/jasoncarmona/.m2/repository/io/netty/netty-common/4.1.63.Final/netty-common-4.1.63.Final.jar:/Users/jasoncarmona/.m2/repository/io/netty/netty-transport-native-epoll/4.1.63.Final/netty-transport-native-epoll-4.1.63.Final.jar:/Users/jasoncarmona/.m2/repository/io/netty/netty-transport-native-kqueue/4.1.63.Final/netty-transport-native-kqueue-4.1.63.Final.jar:/Users/jasoncarmona/.m2/repository/io/netty/netty-transport-native-unix-common/4.1.63.Final/netty-transport-native-unix-common-4.1.63.Final.jar:/Users/jasoncarmona/.m2/repository/io/netty/netty-transport/4.1.63.Final/netty-transport-4.1.63.Final.jar:/Users/jasoncarmona/.m2/repository/io/netty/netty-resolver/4.1.63.Final/netty-resolver-4.1.63.Final.jar:/Users/jasoncarmona/.m2/repository/io/opentelemetry/opentelemetry-api/1.2.0/opentelemetry-api-1.2.0.jar:/Users/jasoncarmona/.m2/repository/io/opentelemetry/opentelemetry-context/1.2.0/opentelemetry-context-1.2.0.jar:/Users/jasoncarmona/.m2/repository/io/opentelemetry/opentelemetry-exporter-logging/1.2.0/opentelemetry-exporter-logging-1.2.0.jar:/Users/jasoncarmona/.m2/repository/io/opentelemetry/opentelemetry-sdk-metrics/1.2.0-alpha/opentelemetry-sdk-metrics-1.2.0-alpha.jar:/Users/jasoncarmona/.m2/repository/io/opentelemetry/opentelemetry-sdk-common/1.2.0/opentelemetry-sdk-common-1.2.0.jar:/Users/jasoncarmona/.m2/repository/io/opentelemetry/opentelemetry-sdk-extension-autoconfigure/1.2.0-alpha/opentelemetry-sdk-extension-autoconfigure-1.2.0-alpha.jar:/Users/jasoncarmona/.m2/repository/io/opentelemetry/opentelemetry-sdk-trace/1.2.0/opentelemetry-sdk-trace-1.2.0.jar:/Users/jasoncarmona/.m2/repository/io/opentelemetry/opentelemetry-api-metrics/1.2.0-alpha/opentelemetry-api-metrics-1.2.0-alpha.jar:/Users/jasoncarmona/.m2/repository/io/opentelemetry/opentelemetry-sdk/1.2.0/opentelemetry-sdk-1.2.0.jar:/Users/jasoncarmona/.m2/repository/io/opentelemetry/opentelemetry-semconv/1.2.0-alpha/opentelemetry-semconv-1.2.0-alpha.jar:/Users/jasoncarmona/.m2/repository/io/ous/jtoml/2.0.0/jtoml-2.0.0.jar:/Users/jasoncarmona/.m2/repository/net/bytebuddy/byte-buddy/1.11.0/byte-buddy-1.11.0.jar:/Users/jasoncarmona/.m2/repository/org/apache/commons/commons-exec/1.3/commons-exec-1.3.jar:/Users/jasoncarmona/.m2/repository/org/asynchttpclient/async-http-client/2.12.3/async-http-client-2.12.3.jar:/Users/jasoncarmona/.m2/repository/org/asynchttpclient/async-http-client-netty-utils/2.12.3/async-http-client-netty-utils-2.12.3.jar:/Users/jasoncarmona/.m2/repository/io/netty/netty-codec-socks/4.1.60.Final/netty-codec-socks-4.1.60.Final.jar:/Users/jasoncarmona/.m2/repository/io/netty/netty-handler-proxy/4.1.60.Final/netty-handler-proxy-4.1.60.Final.jar:/Users/jasoncarmona/.m2/repository/io/netty/netty-transport-native-epoll/4.1.60.Final/netty-transport-native-epoll-4.1.60.Final-linux-x86_64.jar:/Users/jasoncarmona/.m2/repository/io/netty/netty-transport-native-kqueue/4.1.60.Final/netty-transport-native-kqueue-4.1.60.Final-osx-x86_64.jar:/Users/jasoncarmona/.m2/repository/org/reactivestreams/reactive-streams/1.0.3/reactive-streams-1.0.3.jar:/Users/jasoncarmona/.m2/repository/com/typesafe/netty/netty-reactive-streams/2.0.4/netty-reactive-streams-2.0.4.jar:/Users/jasoncarmona/.m2/repository/com/sun/activation/jakarta.activation/1.2.2/jakarta.activation-1.2.2.jar:/Users/jasoncarmona/.m2/repository/org/seleniumhq/selenium/selenium-safari-driver/4.0.0-beta-4/selenium-safari-driver-4.0.0-beta-4.jar:/Users/jasoncarmona/.m2/repository/org/seleniumhq/selenium/selenium-support/4.0.0-beta-4/selenium-support-4.0.0-beta-4.jar:/Users/jasoncarmona/.m2/repository/io/cucumber/cucumber-core/6.10.4/cucumber-core-6.10.4.jar:/Users/jasoncarmona/.m2/repository/io/cucumber/cucumber-gherkin/6.10.4/cucumber-gherkin-6.10.4.jar:/Users/jasoncarmona/.m2/repository/io/cucumber/cucumber-gherkin-messages/6.10.4/cucumber-gherkin-messages-6.10.4.jar:/Users/jasoncarmona/.m2/repository/io/cucumber/messages/15.0.0/messages-15.0.0.jar:/Users/jasoncarmona/.m2/repository/io/cucumber/tag-expressions/3.0.1/tag-expressions-3.0.1.jar:/Users/jasoncarmona/.m2/repository/io/cucumber/cucumber-expressions/10.3.0/cucumber-expressions-10.3.0.jar:/Users/jasoncarmona/.m2/repository/io/cucumber/datatable/3.5.0/datatable-3.5.0.jar:/Users/jasoncarmona/.m2/repository/io/cucumber/cucumber-plugin/6.10.4/cucumber-plugin-6.10.4.jar:/Users/jasoncarmona/.m2/repository/io/cucumber/docstring/6.10.4/docstring-6.10.4.jar:/Users/jasoncarmona/.m2/repository/io/cucumber/html-formatter/13.0.0/html-formatter-13.0.0.jar:/Users/jasoncarmona/.m2/repository/io/cucumber/create-meta/4.0.0/create-meta-4.0.0.jar:/Users/jasoncarmona/.m2/repository/org/springframework/spring-context/5.3.8/spring-context-5.3.8.jar:/Users/jasoncarmona/.m2/repository/org/springframework/spring-aop/5.3.8/spring-aop-5.3.8.jar:/Users/jasoncarmona/.m2/repository/org/springframework/spring-beans/5.3.8/spring-beans-5.3.8.jar:/Users/jasoncarmona/.m2/repository/org/springframework/spring-core/5.3.8/spring-core-5.3.8.jar:/Users/jasoncarmona/.m2/repository/org/springframework/spring-jcl/5.3.8/spring-jcl-5.3.8.jar:/Users/jasoncarmona/.m2/repository/org/springframework/spring-expression/5.3.8/spring-expression-5.3.8.jar:/Users/jasoncarmona/.m2/repository/junit/junit/4.13.2/junit-4.13.2.jar:/Users/jasoncarmona/.m2/repository/org/hamcrest/hamcrest-core/1.3/hamcrest-core-1.3.jar:/Users/jasoncarmona/.m2/repository/io/rest-assured/rest-assured/4.4.0/rest-assured-4.4.0.jar:/Users/jasoncarmona/.m2/repository/org/codehaus/groovy/groovy/3.0.8/groovy-3.0.8.jar:/Users/jasoncarmona/.m2/repository/org/codehaus/groovy/groovy-xml/3.0.8/groovy-xml-3.0.8.jar:/Users/jasoncarmona/.m2/repository/org/apache/httpcomponents/httpclient/4.5.13/httpclient-4.5.13.jar:/Users/jasoncarmona/.m2/repository/org/apache/httpcomponents/httpcore/4.4.13/httpcore-4.4.13.jar:/Users/jasoncarmona/.m2/repository/commons-logging/commons-logging/1.2/commons-logging-1.2.jar:/Users/jasoncarmona/.m2/repository/org/apache/httpcomponents/httpmime/4.5.13/httpmime-4.5.13.jar:/Users/jasoncarmona/.m2/repository/org/hamcrest/hamcrest/2.1/hamcrest-2.1.jar:/Users/jasoncarmona/.m2/repository/org/ccil/cowan/tagsoup/tagsoup/1.2.1/tagsoup-1.2.1.jar:/Users/jasoncarmona/.m2/repository/io/rest-assured/json-path/4.4.0/json-path-4.4.0.jar:/Users/jasoncarmona/.m2/repository/org/codehaus/groovy/groovy-json/3.0.8/groovy-json-3.0.8.jar:/Users/jasoncarmona/.m2/repository/io/rest-assured/rest-assured-common/4.4.0/rest-assured-common-4.4.0.jar:/Users/jasoncarmona/.m2/repository/io/rest-assured/xml-path/4.4.0/xml-path-4.4.0.jar:/Users/jasoncarmona/.m2/repository/jakarta/xml/bind/jakarta.xml.bind-api/2.3.3/jakarta.xml.bind-api-2.3.3.jar:/Users/jasoncarmona/.m2/repository/jakarta/activation/jakarta.activation-api/1.2.2/jakarta.activation-api-1.2.2.jar:/Users/jasoncarmona/.m2/repository/com/sun/xml/bind/jaxb-impl/2.3.3/jaxb-impl-2.3.3.jar:"/>
    <property name="sun.cpu.endian" value="little"/>
    <property name="user.home" value="/Users/jasoncarmona"/>
    <property name="user.language" value="en"/>
    <property name="java.specification.vendor" value="Oracle Corporation"/>
    <property name="java.version.date" value="2022-01-18"/>
    <property name="java.home" value="/opt/homebrew/Cellar/openjdk/17.0.2/libexec/openjdk.jdk/Contents/Home"/>
    <property name="file.separator" value="/"/>
    <property name="basedir" value="/Users/jasoncarmona/Documents/Documents - TRC-ENG-1194-JHD4-MBP/SeleniumFramework"/>
    <property name="java.vm.compressedOopsMode" value="Zero based"/>
    <property name="line.separator" value="&#10;"/>
    <property name="java.vm.specification.vendor" value="Oracle Corporation"/>
    <property name="java.specification.name" value="Java Platform API Specification"/>
    <property name="surefire.real.class.path" value="/Users/jasoncarmona/Documents/Documents - TRC-ENG-1194-JHD4-MBP/SeleniumFramework/target/surefire/surefirebooter18398237445014256986.jar"/>
    <property name="sun.management.compiler" value="HotSpot 64-Bit Tiered Compilers"/>
    <property name="ftp.nonProxyHosts" value="local|*.local|169.254/16|*.169.254/16"/>
    <property name="java.runtime.version" value="17.0.2+0"/>
    <property name="user.name" value="jasoncarmona"/>
    <property name="path.separator" value=":"/>
    <property name="os.version" value="12.3"/>
    <property name="java.runtime.name" value="OpenJDK Runtime Environment"/>
    <property name="file.encoding" value="US-ASCII"/>
    <property name="sun.nio.ch.bugLevel" value=""/>
    <property name="java.vm.name" value="OpenJDK 64-Bit Server VM"/>
    <property name="java.vendor.version" value="Homebrew"/>
    <property name="localRepository" value="/Users/jasoncarmona/.m2/repository"/>
    <property name="java.vendor.url.bug" value="https://github.com/Homebrew/homebrew-core/issues"/>
    <property name="java.io.tmpdir" value="/var/folders/lp/7szf7v493rn6_wdgtf3k073c0000gn/T/"/>
    <property name="java.version" value="17.0.2"/>
    <property name="user.dir" value="/Users/jasoncarmona/Documents/Documents - TRC-ENG-1194-JHD4-MBP/SeleniumFramework"/>
    <property name="os.arch" value="aarch64"/>
    <property name="java.vm.specification.name" value="Java Virtual Machine Specification"/>
    <property name="native.encoding" value="US-ASCII"/>
    <property name="java.library.path" value="/Users/jasoncarmona/Library/Java/Extensions:/Library/Java/Extensions:/Network/Library/Java/Extensions:/System/Library/Java/Extensions:/usr/lib/java:."/>
    <property name="java.vm.info" value="mixed mode, sharing"/>
    <property name="java.vendor" value="Homebrew"/>
    <property name="java.vm.version" value="17.0.2+0"/>
    <property name="sun.io.unicode.encoding" value="UnicodeBig"/>
    <property name="socksNonProxyHosts" value="local|*.local|169.254/16|*.169.254/16"/>
    <property name="java.class.version" value="61.0"/>
  </properties>
  <testcase name="Open Google scenario" classname="OpenGoogle" time="21.001">
    <system-out><![CDATA[
@ui @google
Scenario: Open Google scenario             &amp#27;[90m# src/test/resources/ui/OpenGoogle.feature:4&amp#27;[0m
  &amp#27;[32mGiven &amp#27;[0m&amp#27;[32mI open google website&amp#27;[0m              &amp#27;[90m# com.jason.auto.steps.ui.OpenGoogleSteps.iOpenGoogleWebsite()&amp#27;[0m
  &amp#27;[32mThen &amp#27;[0m&amp#27;[32mI search for &amp#27;[0m&amp#27;[32m&amp#27;[1mgithub&amp#27;[0m&amp#27;[32m and press enter&amp#27;[0m &amp#27;[90m# com.jason.auto.steps.ui.OpenGoogleSteps.searchForSomething(java.lang.String)&amp#27;[0m
]]></system-out>
    <system-err><![CDATA[[main] INFO com.jason.auto.utilities.PropertyReader - Loading qa env properties
[main] INFO com.jason.auto.utilities.SelectDriver - Browser: chrome
[main] INFO io.github.bonigarcia.wdm.WebDriverManager - Using chromedriver 100.0.4896.60 (resolved driver for Chrome 100)
[main] INFO io.github.bonigarcia.wdm.WebDriverManager - Exporting webdriver.chrome.driver as /Users/jasoncarmona/.cache/selenium/chromedriver/mac64/100.0.4896.60/chromedriver
Starting ChromeDriver 100.0.4896.60 (6a5d10861ce8de5fce22564658033b43cb7de047-refs/branch-heads/4896@{#875}) on port 10233
Only local connections are allowed.
Please see https://chromedriver.chromium.org/security-considerations for suggestions on keeping ChromeDriver safe.
ChromeDriver was started successfully.
Apr 09, 2022 1:18:27 PM org.openqa.selenium.remote.ProtocolHandshake createSession
INFO: Detected dialect: W3C
Apr 09, 2022 1:18:27 PM org.openqa.selenium.devtools.CdpVersionFinder findNearestMatch
WARNING: Unable to find an exact match for CDP version 100, so returning the closest version found: a no-op implementation
Apr 09, 2022 1:18:27 PM org.openqa.selenium.devtools.CdpVersionFinder findNearestMatch
INFO: Unable to find CDP implementation matching 100.
Apr 09, 2022 1:18:27 PM org.openqa.selenium.chromium.ChromiumDriver lambda$new$2
WARNING: Unable to find version of CDP to use for . You may need to include a dependency on a specific version of the CDP using something similar to `org.seleniumhq.selenium:selenium-devtools-v86:4.0.0-beta-4` where the version ("v86") matches the version of the chromium-based browser you're using and the version number of the artifact is the same as Selenium's.
[main] INFO com.jason.auto.utilities.DriverFactory - ****** Screen Size: (1366, 813)******
[main] INFO com.jason.auto.pages.websites.GooglePage - im in https://www.google.com/ page
[main] INFO com.jason.auto.pages.websites.GooglePage - https://www.google.com/page has loaded
]]></system-err>
  </testcase>
</testsuite>